<?xml version="1.0" encoding="UTF-8"?>
<!-- Generated by org.testng.reporters.JUnitXMLReporter -->
<testsuite ignored="0" hostname="DESKTOP-1UIQG5E" failures="0" tests="5" name="Default test" time="8.419" errors="0" timestamp="03 Aug 2023 15:42:05 GMT">
  <testcase classname="JBK.JavaByKiranAutomationScenarios.TestDashBoard" name="allCourses" time="1.575"/>
  <testcase classname="JBK.JavaByKiranAutomationScenarios.TestDashBoard" name="iteminNavigationMenu" time="0.704"/>
  <testcase classname="JBK.JavaByKiranAutomationScenarios.TestDashBoard" name="loginWithKiran" time="0.77"/>
  <testcase classname="JBK.JavaByKiranAutomationScenarios.TestDashBoard" name="navigationMenu" time="0.831"/>
  <testcase classname="JBK.JavaByKiranAutomationScenarios.TestDashBoard" name="seleniumInCourse" time="0.698"/>
</testsuite> <!-- Default test -->
